# JRE version: OpenJDK Runtime Environment Temurin-21.0.6+7 (21.0.6+7) (build 21.0.6+7-LTS)
# Java VM: OpenJDK 64-Bit Server VM Temurin-21.0.6+7 (21.0.6+7-LTS, mixed mode, emulated-client, sharing, tiered, compressed oops, compressed class ptrs, g1 gc, windows-amd64)
GC Precious Log:
 CardTable entry size: 512
 Card Set container configuration: InlinePtr #cards 4 size 8 Array Of Cards #cards 16 size 48 Howl #buckets 8 coarsen threshold 3686 Howl Bitmap #cards 512 size 80 coarsen threshold 460 Card regions per heap region 1 cards per card region 4096
 CPUs: 8 total, 8 available
 Memory: 16133M
 Large Page Support: Disabled
 NUMA Support: Disabled
 Compressed Oops: Enabled (Zero based)
 Heap Region Size: 2M
 Heap Min Capacity: 8M
 Heap Initial Capacity: 254M
 Heap Max Capacity: 4034M
 Pre-touch: Disabled
 Parallel Workers: 8
 Concurrent Workers: 2
 Concurrent Refinement Workers: 8
 Periodic GC: Disabled
Heap:
 garbage-first heap   total 90112K, used 30126K [0x0000000703e00000, 0x0000000800000000)
  region size 2048K, 3 young (6144K), 2 survivors (4096K)
 Metaspace       used 74029K, committed 75008K, reserved 1114112K
  class space    used 10137K, committed 10560K, reserved 1048576K
GC Heap History (20 events):
Event: 2458.531 GC heap before
{Heap before GC invocations=58 (full 14):
 garbage-first heap   total 90112K, used 71975K [0x0000000703e00000, 0x0000000800000000)
  region size 2048K, 25 young (51200K), 0 survivors (0K)
 Metaspace       used 73626K, committed 74432K, reserved 1114112K
  class space    used 10095K, committed 10496K, reserved 1048576K
}
Event: 2458.535 GC heap after
{Heap after GC invocations=59 (full 14):
 garbage-first heap   total 90112K, used 28530K [0x0000000703e00000, 0x0000000800000000)
  region size 2048K, 3 young (6144K), 3 survivors (6144K)
 Metaspace       used 73626K, committed 74432K, reserved 1114112K
  class space    used 10095K, committed 10496K, reserved 1048576K
}
Event: 2647.266 GC heap before
{Heap before GC invocations=60 (full 14):
 garbage-first heap   total 90112K, used 61298K [0x0000000703e00000, 0x0000000800000000)
  region size 2048K, 20 young (40960K), 3 survivors (6144K)
 Metaspace       used 73796K, committed 74624K, reserved 1114112K
  class space    used 10122K, committed 10496K, reserved 1048576K
}
Event: 2647.327 GC heap after
{Heap after GC invocations=61 (full 15):
 garbage-first heap   total 90112K, used 25947K [0x0000000703e00000, 0x0000000800000000)
  region size 2048K, 0 young (0K), 0 survivors (0K)
 Metaspace       used 73495K, committed 74496K, reserved 1114112K
  class space    used 10087K, committed 10496K, reserved 1048576K
}
Event: 2647.728 GC heap before
{Heap before GC invocations=61 (full 15):
 garbage-first heap   total 90112K, used 71003K [0x0000000703e00000, 0x0000000800000000)
  region size 2048K, 23 young (47104K), 0 survivors (0K)
 Metaspace       used 73657K, committed 74496K, reserved 1114112K
  class space    used 10100K, committed 10496K, reserved 1048576K
}
Event: 2647.731 GC heap after
{Heap after GC invocations=62 (full 15):
 garbage-first heap   total 90112K, used 30043K [0x0000000703e00000, 0x0000000800000000)
  region size 2048K, 2 young (4096K), 2 survivors (4096K)
 Metaspace       used 73657K, committed 74496K, reserved 1114112K
  class space    used 10100K, committed 10496K, reserved 1048576K
}
Event: 2731.399 GC heap before
{Heap before GC invocations=63 (full 15):
 garbage-first heap   total 90112K, used 60763K [0x0000000703e00000, 0x0000000800000000)
  region size 2048K, 18 young (36864K), 2 survivors (4096K)
 Metaspace       used 73676K, committed 74560K, reserved 1114112K
  class space    used 10090K, committed 10496K, reserved 1048576K
}
Event: 2731.452 GC heap after
{Heap after GC invocations=64 (full 16):
 garbage-first heap   total 90112K, used 27695K [0x0000000703e00000, 0x0000000800000000)
  region size 2048K, 0 young (0K), 0 survivors (0K)
 Metaspace       used 73440K, committed 74432K, reserved 1114112K
  class space    used 10071K, committed 10496K, reserved 1048576K
}
Event: 2731.838 GC heap before
{Heap before GC invocations=64 (full 16):
 garbage-first heap   total 90112K, used 70703K [0x0000000703e00000, 0x0000000800000000)
  region size 2048K, 22 young (45056K), 0 survivors (0K)
 Metaspace       used 73590K, committed 74496K, reserved 1114112K
  class space    used 10084K, committed 10496K, reserved 1048576K
}
Event: 2731.840 GC heap after
{Heap after GC invocations=65 (full 16):
 garbage-first heap   total 90112K, used 31503K [0x0000000703e00000, 0x0000000800000000)
  region size 2048K, 2 young (4096K), 2 survivors (4096K)
 Metaspace       used 73590K, committed 74496K, reserved 1114112K
  class space    used 10084K, committed 10496K, reserved 1048576K
}
Event: 2831.992 GC heap before
{Heap before GC invocations=66 (full 16):
 garbage-first heap   total 90112K, used 60175K [0x0000000703e00000, 0x0000000800000000)
  region size 2048K, 17 young (34816K), 2 survivors (4096K)
 Metaspace       used 73659K, committed 74496K, reserved 1114112K
  class space    used 10087K, committed 10496K, reserved 1048576K
}
Event: 2832.033 GC heap after
{Heap after GC invocations=67 (full 17):
 garbage-first heap   total 90112K, used 26046K [0x0000000703e00000, 0x0000000800000000)
  region size 2048K, 0 young (0K), 0 survivors (0K)
 Metaspace       used 73646K, committed 74496K, reserved 1114112K
  class space    used 10085K, committed 10496K, reserved 1048576K
}
Event: 2921.397 GC heap before
{Heap before GC invocations=67 (full 17):
 garbage-first heap   total 90112K, used 73150K [0x0000000703e00000, 0x0000000800000000)
  region size 2048K, 24 young (49152K), 0 survivors (0K)
 Metaspace       used 73722K, committed 74560K, reserved 1114112K
  class space    used 10095K, committed 10496K, reserved 1048576K
}
Event: 2921.401 GC heap after
{Heap after GC invocations=68 (full 17):
 garbage-first heap   total 90112K, used 29156K [0x0000000703e00000, 0x0000000800000000)
  region size 2048K, 2 young (4096K), 2 survivors (4096K)
 Metaspace       used 73722K, committed 74560K, reserved 1114112K
  class space    used 10095K, committed 10496K, reserved 1048576K
}
Event: 2921.875 GC heap before
{Heap before GC invocations=69 (full 17):
 garbage-first heap   total 90112K, used 74212K [0x0000000703e00000, 0x0000000800000000)
  region size 2048K, 25 young (51200K), 2 survivors (4096K)
 Metaspace       used 73931K, committed 74816K, reserved 1114112K
  class space    used 10127K, committed 10560K, reserved 1048576K
}
Event: 2921.882 GC heap after
{Heap after GC invocations=70 (full 17):
 garbage-first heap   total 90112K, used 31091K [0x0000000703e00000, 0x0000000800000000)
  region size 2048K, 3 young (6144K), 3 survivors (6144K)
 Metaspace       used 73931K, committed 74816K, reserved 1114112K
  class space    used 10127K, committed 10560K, reserved 1048576K
}
Event: 2997.862 GC heap before
{Heap before GC invocations=70 (full 17):
 garbage-first heap   total 90112K, used 61811K [0x0000000703e00000, 0x0000000800000000)
  region size 2048K, 19 young (38912K), 3 survivors (6144K)
 Metaspace       used 74129K, committed 75008K, reserved 1114112K
  class space    used 10156K, committed 10560K, reserved 1048576K
}
Event: 2997.913 GC heap after
{Heap after GC invocations=71 (full 18):
 garbage-first heap   total 90112K, used 26094K [0x0000000703e00000, 0x0000000800000000)
  region size 2048K, 0 young (0K), 0 survivors (0K)
 Metaspace       used 73814K, committed 74880K, reserved 1114112K
  class space    used 10117K, committed 10560K, reserved 1048576K
}
Event: 2998.279 GC heap before
{Heap before GC invocations=71 (full 18):
 garbage-first heap   total 90112K, used 71150K [0x0000000703e00000, 0x0000000800000000)
  region size 2048K, 23 young (47104K), 0 survivors (0K)
 Metaspace       used 73987K, committed 74944K, reserved 1114112K
  class space    used 10133K, committed 10560K, reserved 1048576K
}
Event: 2998.283 GC heap after
{Heap after GC invocations=72 (full 18):
 garbage-first heap   total 90112K, used 30126K [0x0000000703e00000, 0x0000000800000000)
  region size 2048K, 2 young (4096K), 2 survivors (4096K)
 Metaspace       used 73987K, committed 74944K, reserved 1114112K
  class space    used 10133K, committed 10560K, reserved 1048576K
}

